<?xml version="1.0" encoding="utf-8"?>
<coverage line-rate="1" branch-rate="1" version="1.9" timestamp="1688483781" lines-covered="18" lines-valid="18" branches-covered="14" branches-valid="14">
  <sources>
    <source>/</source>
  </sources>
  <packages>
    <package name="SpaceBattle" line-rate="1" branch-rate="1" complexity="14">
      <classes>
        <class name="spacebattle.SpaceShip" filename="home/ubuntu/OmSTU-AMCS-SummerPractice2023/spacebattle_2/SpaceBattle/Class1.cs" line-rate="1" branch-rate="1" complexity="14">
          <methods>
            <method name="Move" signature="(System.Boolean,System.Boolean,System.Boolean,System.Double[],System.Double[])" line-rate="1" branch-rate="1" complexity="6">
              <lines>
                <line number="6" hits="6" branch="False" />
                <line number="7" hits="9" branch="True" condition-coverage="100% (6/6)">
                  <conditions>
                    <condition number="2" type="jump" coverage="100%" />
                    <condition number="5" type="jump" coverage="100%" />
                    <condition number="16" type="jump" coverage="100%" />
                  </conditions>
                </line>
                <line number="8" hits="3" branch="False" />
                <line number="10" hits="3" branch="False" />
                <line number="11" hits="3" branch="False" />
                <line number="12" hits="3" branch="False" />
              </lines>
            </method>
            <method name="Fuel" signature="(System.Double,System.Double)" line-rate="1" branch-rate="1" complexity="2">
              <lines>
                <line number="15" hits="10" branch="False" />
                <line number="16" hits="12" branch="True" condition-coverage="100% (2/2)">
                  <conditions>
                    <condition number="7" type="jump" coverage="100%" />
                  </conditions>
                </line>
                <line number="17" hits="2" branch="False" />
                <line number="19" hits="8" branch="False" />
                <line number="20" hits="8" branch="False" />
                <line number="21" hits="8" branch="False" />
              </lines>
            </method>
            <method name="Turn" signature="(System.Double,System.Double,System.Boolean,System.Boolean,System.Boolean)" line-rate="1" branch-rate="1" complexity="6">
              <lines>
                <line number="25" hits="4" branch="False" />
                <line number="26" hits="7" branch="True" condition-coverage="100% (6/6)">
                  <conditions>
                    <condition number="2" type="jump" coverage="100%" />
                    <condition number="5" type="jump" coverage="100%" />
                    <condition number="17" type="jump" coverage="100%" />
                  </conditions>
                </line>
                <line number="27" hits="3" branch="False" />
                <line number="29" hits="1" branch="False" />
                <line number="30" hits="1" branch="False" />
                <line number="31" hits="1" branch="False" />
              </lines>
            </method>
          </methods>
          <lines>
            <line number="6" hits="6" branch="False" />
            <line number="7" hits="9" branch="True" condition-coverage="100% (6/6)">
              <conditions>
                <condition number="2" type="jump" coverage="100%" />
                <condition number="5" type="jump" coverage="100%" />
                <condition number="16" type="jump" coverage="100%" />
              </conditions>
            </line>
            <line number="8" hits="3" branch="False" />
            <line number="10" hits="3" branch="False" />
            <line number="11" hits="3" branch="False" />
            <line number="12" hits="3" branch="False" />
            <line number="15" hits="10" branch="False" />
            <line number="16" hits="12" branch="True" condition-coverage="100% (2/2)">
              <conditions>
                <condition number="7" type="jump" coverage="100%" />
              </conditions>
            </line>
            <line number="17" hits="2" branch="False" />
            <line number="19" hits="8" branch="False" />
            <line number="20" hits="8" branch="False" />
            <line number="21" hits="8" branch="False" />
            <line number="25" hits="4" branch="False" />
            <line number="26" hits="7" branch="True" condition-coverage="100% (6/6)">
              <conditions>
                <condition number="2" type="jump" coverage="100%" />
                <condition number="5" type="jump" coverage="100%" />
                <condition number="17" type="jump" coverage="100%" />
              </conditions>
            </line>
            <line number="27" hits="3" branch="False" />
            <line number="29" hits="1" branch="False" />
            <line number="30" hits="1" branch="False" />
            <line number="31" hits="1" branch="False" />
          </lines>
        </class>
      </classes>
    </package>
  </packages>
</coverage>